2015-10-02 10:23:10 - PeriodicValidation consumer begin : company=131674
2015-10-02 10:23:10 - PeriodicValidation consumer : [33m5 invoices to treat[0m
The exit status code '127' says something went wrong:
stderr: "sh: 1: /usr/local/bin/wkhtmltopdf: not found
"
stdout: ""
command: /usr/local/bin/wkhtmltopdf --lowquality --margin-bottom '5' --margin-left '0' --margin-right '0' --margin-top '0' --debug-javascript --enable-javascript --javascript-delay '1000' --footer-font-size '8' --footer-right 'Page [page] / [topage]      ' '/tmp/knp_snappy560e5b0f4ba4b7.67187796.html' '/tmp/knp_snappy560e5b0f4bb3d3.79286252.pdf'.
The exit status code '127' says something went wrong:
stderr: "sh: 1: /usr/local/bin/wkhtmltopdf: not found
"
stdout: ""
command: /usr/local/bin/wkhtmltopdf --lowquality --margin-bottom '5' --margin-left '0' --margin-right '0' --margin-top '0' --debug-javascript --enable-javascript --javascript-delay '1000' --footer-font-size '8' --footer-right 'Page [page] / [topage]      ' '/tmp/knp_snappy560e5b0f588584.26537953.html' '/tmp/knp_snappy560e5b0f589810.66815538.pdf'.
The exit status code '127' says something went wrong:
stderr: "sh: 1: /usr/local/bin/wkhtmltopdf: not found
"
stdout: ""
command: /usr/local/bin/wkhtmltopdf --lowquality --margin-bottom '5' --margin-left '0' --margin-right '0' --margin-top '0' --debug-javascript --enable-javascript --javascript-delay '1000' --footer-font-size '8' --footer-right 'Page [page] / [topage]      ' '/tmp/knp_snappy560e5b0f644437.99298116.html' '/tmp/knp_snappy560e5b0f645911.31483011.pdf'.
The exit status code '127' says something went wrong:
stderr: "sh: 1: /usr/local/bin/wkhtmltopdf: not found
"
stdout: ""
command: /usr/local/bin/wkhtmltopdf --lowquality --margin-bottom '5' --margin-left '0' --margin-right '0' --margin-top '0' --debug-javascript --enable-javascript --javascript-delay '1000' --footer-font-size '8' --footer-right 'Page [page] / [topage]      ' '/tmp/knp_snappy560e5b0f70fbb5.67415336.html' '/tmp/knp_snappy560e5b0f710d44.79220587.pdf'.
The exit status code '127' says something went wrong:
stderr: "sh: 1: /usr/local/bin/wkhtmltopdf: not found
"
stdout: ""
command: /usr/local/bin/wkhtmltopdf --lowquality --margin-bottom '5' --margin-left '0' --margin-right '0' --margin-top '0' --debug-javascript --enable-javascript --javascript-delay '1000' --footer-font-size '8' --footer-right 'Page [page] / [topage]      ' '/tmp/knp_snappy560e5b0f7cd6a8.78359053.html' '/tmp/knp_snappy560e5b0f7ce6b3.28309955.pdf'.
2015-10-02 10:23:11 - PeriodicValidation consumer : [32m5 invoices have been created[0m
2015-10-02 10:23:11 - PeriodicValidation consumer end : company=131674
